# JRE version: OpenJDK Runtime Environment (8.0_242) (build 1.8.0_242-release-1644-b3-6222593)
# Java VM: OpenJDK 64-Bit Server VM (25.242-b3-6222593 mixed mode linux-amd64 compressed oops)
Heap:
 PSYoungGen      total 284160K, used 189884K [0x00000000d5580000, 0x00000000ef100000, 0x0000000100000000)
  eden space 262656K, 72% used [0x00000000d5580000,0x00000000e0eef168,0x00000000e5600000)
  from space 21504K, 0% used [0x00000000e5600000,0x00000000e5600000,0x00000000e6b00000)
  to   space 26112K, 0% used [0x00000000ed780000,0x00000000ed780000,0x00000000ef100000)
 ParOldGen       total 264704K, used 34873K [0x0000000080000000, 0x0000000090280000, 0x00000000d5580000)
  object space 264704K, 13% used [0x0000000080000000,0x000000008220e408,0x0000000090280000)
 Metaspace       used 64343K, capacity 67204K, committed 67352K, reserved 1107968K
  class space    used 8878K, capacity 9419K, committed 9520K, reserved 1048576K
GC Heap History (10 events):
Event: 6.521 GC heap before
{Heap before GC invocations=6 (full 1):
 PSYoungGen      total 189952K, used 50891K [0x00000000d5580000, 0x00000000e6580000, 0x0000000100000000)
  eden space 179712K, 22% used [0x00000000d5580000,0x00000000d7d397c0,0x00000000e0500000)
  from space 10240K, 99% used [0x00000000e5b80000,0x00000000e65794d8,0x00000000e6580000)
  to   space 10240K, 0% used [0x00000000e5180000,0x00000000e5180000,0x00000000e5b80000)
 ParOldGen       total 114688K, used 14482K [0x0000000080000000, 0x0000000087000000, 0x00000000d5580000)
  object space 114688K, 12% used [0x0000000080000000,0x0000000080e24be0,0x0000000087000000)
 Metaspace       used 34299K, capacity 35418K, committed 35496K, reserved 1079296K
  class space    used 4720K, capacity 5004K, committed 5040K, reserved 1048576K
Event: 6.542 GC heap after
Heap after GC invocations=6 (full 1):
 PSYoungGen      total 268288K, used 8566K [0x00000000d5580000, 0x00000000e7a00000, 0x0000000100000000)
  eden space 258048K, 0% used [0x00000000d5580000,0x00000000d5580000,0x00000000e5180000)
  from space 10240K, 83% used [0x00000000e5180000,0x00000000e59ddae8,0x00000000e5b80000)
  to   space 15360K, 0% used [0x00000000e6b00000,0x00000000e6b00000,0x00000000e7a00000)
 ParOldGen       total 114688K, used 14490K [0x0000000080000000, 0x0000000087000000, 0x00000000d5580000)
  object space 114688K, 12% used [0x0000000080000000,0x0000000080e26be0,0x0000000087000000)
 Metaspace       used 34299K, capacity 35418K, committed 35496K, reserved 1079296K
  class space    used 4720K, capacity 5004K, committed 5040K, reserved 1048576K
}
Event: 6.542 GC heap before
{Heap before GC invocations=7 (full 2):
 PSYoungGen      total 268288K, used 8566K [0x00000000d5580000, 0x00000000e7a00000, 0x0000000100000000)
  eden space 258048K, 0% used [0x00000000d5580000,0x00000000d5580000,0x00000000e5180000)
  from space 10240K, 83% used [0x00000000e5180000,0x00000000e59ddae8,0x00000000e5b80000)
  to   space 15360K, 0% used [0x00000000e6b00000,0x00000000e6b00000,0x00000000e7a00000)
 ParOldGen       total 114688K, used 14490K [0x0000000080000000, 0x0000000087000000, 0x00000000d5580000)
  object space 114688K, 12% used [0x0000000080000000,0x0000000080e26be0,0x0000000087000000)
 Metaspace       used 34299K, capacity 35418K, committed 35496K, reserved 1079296K
  class space    used 4720K, capacity 5004K, committed 5040K, reserved 1048576K
Event: 6.647 GC heap after
Heap after GC invocations=7 (full 2):
 PSYoungGen      total 268288K, used 0K [0x00000000d5580000, 0x00000000e7a00000, 0x0000000100000000)
  eden space 258048K, 0% used [0x00000000d5580000,0x00000000d5580000,0x00000000e5180000)
  from space 10240K, 0% used [0x00000000e5180000,0x00000000e5180000,0x00000000e5b80000)
  to   space 15360K, 0% used [0x00000000e6b00000,0x00000000e6b00000,0x00000000e7a00000)
 ParOldGen       total 180736K, used 16037K [0x0000000080000000, 0x000000008b080000, 0x00000000d5580000)
  object space 180736K, 8% used [0x0000000080000000,0x0000000080fa94b0,0x000000008b080000)
 Metaspace       used 34299K, capacity 35418K, committed 35496K, reserved 1079296K
  class space    used 4720K, capacity 5004K, committed 5040K, reserved 1048576K
}
Event: 10.785 GC heap before
{Heap before GC invocations=8 (full 2):
 PSYoungGen      total 268288K, used 258048K [0x00000000d5580000, 0x00000000e7a00000, 0x0000000100000000)
  eden space 258048K, 100% used [0x00000000d5580000,0x00000000e5180000,0x00000000e5180000)
  from space 10240K, 0% used [0x00000000e5180000,0x00000000e5180000,0x00000000e5b80000)
  to   space 15360K, 0% used [0x00000000e6b00000,0x00000000e6b00000,0x00000000e7a00000)
 ParOldGen       total 180736K, used 16037K [0x0000000080000000, 0x000000008b080000, 0x00000000d5580000)
  object space 180736K, 8% used [0x0000000080000000,0x0000000080fa94b0,0x000000008b080000)
 Metaspace       used 48300K, capacity 50148K, committed 50472K, reserved 1093632K
  class space    used 6491K, capacity 6884K, committed 6960K, reserved 1048576K
Event: 10.809 GC heap after
Heap after GC invocations=8 (full 2):
 PSYoungGen      total 278016K, used 15347K [0x00000000d5580000, 0x00000000edc00000, 0x0000000100000000)
  eden space 262656K, 0% used [0x00000000d5580000,0x00000000d5580000,0x00000000e5600000)
  from space 15360K, 99% used [0x00000000e6b00000,0x00000000e79fcda8,0x00000000e7a00000)
  to   space 21504K, 0% used [0x00000000e5600000,0x00000000e5600000,0x00000000e6b00000)
 ParOldGen       total 180736K, used 23118K [0x0000000080000000, 0x000000008b080000, 0x00000000d5580000)
  object space 180736K, 12% used [0x0000000080000000,0x0000000081693b40,0x000000008b080000)
 Metaspace       used 48300K, capacity 50148K, committed 50472K, reserved 1093632K
  class space    used 6491K, capacity 6884K, committed 6960K, reserved 1048576K
}
Event: 13.326 GC heap before
{Heap before GC invocations=9 (full 2):
 PSYoungGen      total 278016K, used 120878K [0x00000000d5580000, 0x00000000edc00000, 0x0000000100000000)
  eden space 262656K, 40% used [0x00000000d5580000,0x00000000dbc8ec28,0x00000000e5600000)
  from space 15360K, 99% used [0x00000000e6b00000,0x00000000e79fcda8,0x00000000e7a00000)
  to   space 21504K, 0% used [0x00000000e5600000,0x00000000e5600000,0x00000000e6b00000)
 ParOldGen       total 180736K, used 23118K [0x0000000080000000, 0x000000008b080000, 0x00000000d5580000)
  object space 180736K, 12% used [0x0000000080000000,0x0000000081693b40,0x000000008b080000)
 Metaspace       used 56814K, capacity 59120K, committed 59160K, reserved 1099776K
  class space    used 7780K, capacity 8233K, committed 8240K, reserved 1048576K
Event: 13.382 GC heap after
Heap after GC invocations=9 (full 2):
 PSYoungGen      total 284160K, used 21498K [0x00000000d5580000, 0x00000000ef100000, 0x0000000100000000)
  eden space 262656K, 0% used [0x00000000d5580000,0x00000000d5580000,0x00000000e5600000)
  from space 21504K, 99% used [0x00000000e5600000,0x00000000e6afe958,0x00000000e6b00000)
  to   space 26112K, 0% used [0x00000000ed780000,0x00000000ed780000,0x00000000ef100000)
 ParOldGen       total 180736K, used 24719K [0x0000000080000000, 0x000000008b080000, 0x00000000d5580000)
  object space 180736K, 13% used [0x0000000080000000,0x0000000081823f68,0x000000008b080000)
 Metaspace       used 56814K, capacity 59120K, committed 59160K, reserved 1099776K
  class space    used 7780K, capacity 8233K, committed 8240K, reserved 1048576K
}
Event: 13.382 GC heap before
{Heap before GC invocations=10 (full 3):
 PSYoungGen      total 284160K, used 21498K [0x00000000d5580000, 0x00000000ef100000, 0x0000000100000000)
  eden space 262656K, 0% used [0x00000000d5580000,0x00000000d5580000,0x00000000e5600000)
  from space 21504K, 99% used [0x00000000e5600000,0x00000000e6afe958,0x00000000e6b00000)
  to   space 26112K, 0% used [0x00000000ed780000,0x00000000ed780000,0x00000000ef100000)
 ParOldGen       total 180736K, used 24719K [0x0000000080000000, 0x000000008b080000, 0x00000000d5580000)
  object space 180736K, 13% used [0x0000000080000000,0x0000000081823f68,0x000000008b080000)
 Metaspace       used 56814K, capacity 59120K, committed 59160K, reserved 1099776K
  class space    used 7780K, capacity 8233K, committed 8240K, reserved 1048576K
Event: 13.680 GC heap after
Heap after GC invocations=10 (full 3):
 PSYoungGen      total 284160K, used 0K [0x00000000d5580000, 0x00000000ef100000, 0x0000000100000000)
  eden space 262656K, 0% used [0x00000000d5580000,0x00000000d5580000,0x00000000e5600000)
  from space 21504K, 0% used [0x00000000e5600000,0x00000000e5600000,0x00000000e6b00000)
  to   space 26112K, 0% used [0x00000000ed780000,0x00000000ed780000,0x00000000ef100000)
 ParOldGen       total 264704K, used 34873K [0x0000000080000000, 0x0000000090280000, 0x00000000d5580000)
  object space 264704K, 13% used [0x0000000080000000,0x000000008220e408,0x0000000090280000)
 Metaspace       used 56798K, capacity 59066K, committed 59160K, reserved 1099776K
  class space    used 7775K, capacity 8224K, committed 8240K, reserved 1048576K
}

